<?xml version="1.0" encoding="UTF-8"?>
<!-- Generated by org.testng.reporters.JUnitXMLReporter -->
<testsuite ignored="4" hostname="DESKTOP-CBNV9KU" failures="0" tests="3" name="Test" time="57.461" errors="0" timestamp="2023-03-26T14:39:03 BDT">
  <testcase classname="com.safvic.testCases.TC_LoginTest_001" name="loginTest" time="29.318"/>
  <testcase classname="com.safvic.testCases.TC_CreateIncidentTest_002" name="CreateIncidentTest" time="4.984"/>
  <testcase classname="com.safvic.testCases.TC_UpdateIncidentTest_003" name="UpdateIncidenTest" time="10.521"/>
  <testcase classname="com.safvic.testCases.BaseClass" name="@AfterTest tearDown" time="0.0">
    <ignored/>
  </testcase> <!-- @AfterTest tearDown -->
  <testcase classname="com.safvic.testCases.BaseClass" name="@BeforeTest setup" time="0.0">
    <ignored/>
  </testcase> <!-- @BeforeTest setup -->
  <testcase classname="com.safvic.testCases.BaseClass" name="@AfterTest tearDown" time="0.0">
    <ignored/>
  </testcase> <!-- @AfterTest tearDown -->
  <testcase classname="com.safvic.testCases.BaseClass" name="@BeforeTest setup" time="0.0">
    <ignored/>
  </testcase> <!-- @BeforeTest setup -->
</testsuite> <!-- Test -->
