<?xml version="1.0" encoding="UTF-8"?>
<!-- Generated by org.testng.reporters.JUnitXMLReporter -->
<testsuite ignored="4" hostname="DESKTOP-CBNV9KU" failures="0" tests="3" name="Test" time="40.268" errors="0" timestamp="2023-03-25T00:42:14 BDT">
  <testcase classname="com.safvic.testCases.TC_LoginTest_001" name="loginTest" time="9.067"/>
  <testcase classname="com.safvic.testCases.TC_CreateIncidentTest_002" name="CreateIncidentTest" time="7.196"/>
  <testcase classname="com.safvic.testCases.TC_UpdateIncidentTest_003" name="UpdateIncidenTest" time="11.538"/>
  <testcase classname="com.safvic.testCases.BaseClass" name="@AfterTest tearDown" time="0.0">
    <ignored/>
  </testcase> <!-- @AfterTest tearDown -->
  <testcase classname="com.safvic.testCases.BaseClass" name="@BeforeTest setup" time="0.0">
    <ignored/>
  </testcase> <!-- @BeforeTest setup -->
  <testcase classname="com.safvic.testCases.BaseClass" name="@AfterTest tearDown" time="0.0">
    <ignored/>
  </testcase> <!-- @AfterTest tearDown -->
  <testcase classname="com.safvic.testCases.BaseClass" name="@BeforeTest setup" time="0.0">
    <ignored/>
  </testcase> <!-- @BeforeTest setup -->
</testsuite> <!-- Test -->
