<?xml version="1.0" encoding="UTF-8"?>
<testng-results ignored="18" total="29" passed="11" failed="0" skipped="0">
  <reporter-output>
  </reporter-output>
  <suite started-at="2023-06-02T14:42:08 BDT" name="Suite" finished-at="2023-06-02T14:45:14 BDT" duration-ms="185498">
    <groups>
    </groups>
    <test started-at="2023-06-02T14:42:08 BDT" name="Officer Side Test" finished-at="2023-06-02T14:45:14 BDT" duration-ms="185498">
      <class name="com.safvic.testCases.TC_CreateIncidentTest_002">
        <test-method signature="createIncidentTest()[pri:0, instance:com.safvic.testCases.TC_CreateIncidentTest_002@36804139]" started-at="2023-06-02T14:42:23 BDT" name="createIncidentTest" finished-at="2023-06-02T14:42:26 BDT" duration-ms="3640" status="PASS">
          <reporter-output>
          </reporter-output>
        </test-method> <!-- createIncidentTest -->
      </class> <!-- com.safvic.testCases.TC_CreateIncidentTest_002 -->
      <class name="com.safvic.testCases.TC_AddOffenseGroupTest_007">
        <test-method signature="NavigateOffenses()[pri:0, instance:com.safvic.testCases.TC_AddOffenseGroupTest_007@5c86dbc5]" started-at="2023-06-02T14:43:41 BDT" name="NavigateOffenses" finished-at="2023-06-02T14:43:52 BDT" duration-ms="11302" status="PASS">
          <reporter-output>
          </reporter-output>
        </test-method> <!-- NavigateOffenses -->
      </class> <!-- com.safvic.testCases.TC_AddOffenseGroupTest_007 -->
      <class name="com.safvic.testCases.TC_AddVehicleTest_009">
        <test-method signature="AddVehicleInformation()[pri:0, instance:com.safvic.testCases.TC_AddVehicleTest_009@4ee203eb]" started-at="2023-06-02T14:44:19 BDT" name="AddVehicleInformation" finished-at="2023-06-02T14:44:49 BDT" duration-ms="30424" status="PASS">
          <reporter-output>
          </reporter-output>
        </test-method> <!-- AddVehicleInformation -->
      </class> <!-- com.safvic.testCases.TC_AddVehicleTest_009 -->
      <class name="com.safvic.testCases.TC_CreateVictimTest_004">
        <test-method signature="CreateVictim()[pri:0, instance:com.safvic.testCases.TC_CreateVictimTest_004@730d2164]" started-at="2023-06-02T14:42:38 BDT" name="CreateVictim" finished-at="2023-06-02T14:42:50 BDT" duration-ms="11653" status="PASS">
          <reporter-output>
          </reporter-output>
        </test-method> <!-- CreateVictim -->
      </class> <!-- com.safvic.testCases.TC_CreateVictimTest_004 -->
      <class name="com.safvic.testCases.TC_AddLocationTest_006">
        <test-method signature="NavigateLocation()[pri:0, instance:com.safvic.testCases.TC_AddLocationTest_006@10289886]" started-at="2023-06-02T14:43:32 BDT" name="NavigateLocation" finished-at="2023-06-02T14:43:41 BDT" duration-ms="8971" status="PASS">
          <reporter-output>
          </reporter-output>
        </test-method> <!-- NavigateLocation -->
      </class> <!-- com.safvic.testCases.TC_AddLocationTest_006 -->
      <class name="com.safvic.testCases.TC_CreateSuspectTest_005">
        <test-method signature="CreateSuspect()[pri:0, instance:com.safvic.testCases.TC_CreateSuspectTest_005@24959ca4]" started-at="2023-06-02T14:42:50 BDT" name="CreateSuspect" finished-at="2023-06-02T14:43:32 BDT" duration-ms="41934" status="PASS">
          <reporter-output>
          </reporter-output>
        </test-method> <!-- CreateSuspect -->
      </class> <!-- com.safvic.testCases.TC_CreateSuspectTest_005 -->
      <class name="com.safvic.testCases.TC_LoginTest_001">
        <test-method is-config="true" signature="setup(java.lang.String)[pri:0, instance:com.safvic.testCases.TC_LoginTest_001@4470fbd6]" started-at="2023-06-02T14:42:08 BDT" name="setup" finished-at="2023-06-02T14:42:12 BDT" duration-ms="3516" status="PASS">
          <params>
            <param index="0">
              <value>
                <![CDATA[chrome]]>
              </value>
            </param>
          </params>
          <reporter-output>
          </reporter-output>
        </test-method> <!-- setup -->
        <test-method signature="loginTest()[pri:0, instance:com.safvic.testCases.TC_LoginTest_001@4470fbd6]" started-at="2023-06-02T14:42:12 BDT" name="loginTest" finished-at="2023-06-02T14:42:20 BDT" duration-ms="8266" status="PASS">
          <reporter-output>
          </reporter-output>
        </test-method> <!-- loginTest -->
        <test-method signature="siteUrlTest()[pri:0, instance:com.safvic.testCases.TC_LoginTest_001@4470fbd6]" started-at="2023-06-02T14:42:20 BDT" name="siteUrlTest" finished-at="2023-06-02T14:42:23 BDT" duration-ms="2593" status="PASS">
          <reporter-output>
          </reporter-output>
        </test-method> <!-- siteUrlTest -->
        <test-method is-config="true" signature="tearDown()[pri:0, instance:com.safvic.testCases.TC_LoginTest_001@4470fbd6]" started-at="2023-06-02T14:45:13 BDT" name="tearDown" finished-at="2023-06-02T14:45:14 BDT" duration-ms="190" status="PASS">
          <reporter-output>
          </reporter-output>
        </test-method> <!-- tearDown -->
      </class> <!-- com.safvic.testCases.TC_LoginTest_001 -->
      <class name="com.safvic.testCases.TC_UpdateIncidentTest_003">
        <test-method signature="updateIncidenTest()[pri:0, instance:com.safvic.testCases.TC_UpdateIncidentTest_003@20bd8be5]" started-at="2023-06-02T14:42:26 BDT" name="updateIncidenTest" finished-at="2023-06-02T14:42:38 BDT" duration-ms="11952" status="PASS">
          <reporter-output>
          </reporter-output>
        </test-method> <!-- updateIncidenTest -->
      </class> <!-- com.safvic.testCases.TC_UpdateIncidentTest_003 -->
      <class name="com.safvic.testCases.TC_CreateEPORequestTest_010">
        <test-method signature="CreateEPORequest()[pri:0, instance:com.safvic.testCases.TC_CreateEPORequestTest_010@1a5a4e19]" started-at="2023-06-02T14:44:49 BDT" name="CreateEPORequest" finished-at="2023-06-02T14:45:13 BDT" duration-ms="24319" status="PASS">
          <reporter-output>
          </reporter-output>
        </test-method> <!-- CreateEPORequest -->
      </class> <!-- com.safvic.testCases.TC_CreateEPORequestTest_010 -->
      <class name="com.safvic.testCases.TC_CreateRiskAssessmentTest_008">
        <test-method signature="CreateRiskAssessment()[pri:0, instance:com.safvic.testCases.TC_CreateRiskAssessmentTest_008@461ad730]" started-at="2023-06-02T14:43:52 BDT" name="CreateRiskAssessment" finished-at="2023-06-02T14:44:19 BDT" duration-ms="26686" status="PASS">
          <reporter-output>
          </reporter-output>
        </test-method> <!-- CreateRiskAssessment -->
      </class> <!-- com.safvic.testCases.TC_CreateRiskAssessmentTest_008 -->
    </test> <!-- Officer Side Test -->
  </suite> <!-- Suite -->
</testng-results>
